Using pre-set license
Built from '6000.0/staging' branch; Version is '6000.0.36f1 (9fe3b5f71dbb) revision 10478517'; Using compiler version '193933523'; Build Type 'Release'
OS: 'Windows 10  (10.0.19045) 64bit Professional' Language: 'pt' Physical Memory: 16208 MB
BatchMode: 1, IsHumanControllingUs: 0, StartBugReporterOnCrash: 0, Is64bit: 1, IsPro: 1

COMMAND LINE ARGUMENTS:
C:\Program Files\Unity\Hub\Editor\6000.0.36f1\Editor\Unity.exe
-adb2
-batchMode
-noUpm
-name
AssetImportWorker2
-projectPath
C:/Users/VINCENZO/roguelike
-logFile
Logs/AssetImportWorker2.log
-srvPort
58288
-job-worker-count
5
-background-job-worker-count
8
-gc-helper-count
1
Successfully changed project path to: C:/Users/VINCENZO/roguelike
C:/Users/VINCENZO/roguelike
[UnityMemory] Configuration Parameters - Can be set up in boot.config
    "memorysetup-bucket-allocator-granularity=16"
    "memorysetup-bucket-allocator-bucket-count=8"
    "memorysetup-bucket-allocator-block-size=33554432"
    "memorysetup-bucket-allocator-block-count=8"
    "memorysetup-main-allocator-block-size=16777216"
    "memorysetup-thread-allocator-block-size=16777216"
    "memorysetup-gfx-main-allocator-block-size=16777216"
    "memorysetup-gfx-thread-allocator-block-size=16777216"
    "memorysetup-cache-allocator-block-size=4194304"
    "memorysetup-typetree-allocator-block-size=2097152"
    "memorysetup-profiler-bucket-allocator-granularity=16"
    "memorysetup-profiler-bucket-allocator-bucket-count=8"
    "memorysetup-profiler-bucket-allocator-block-size=33554432"
    "memorysetup-profiler-bucket-allocator-block-count=8"
    "memorysetup-profiler-allocator-block-size=16777216"
    "memorysetup-profiler-editor-allocator-block-size=1048576"
    "memorysetup-temp-allocator-size-main=16777216"
    "memorysetup-job-temp-allocator-block-size=2097152"
    "memorysetup-job-temp-allocator-block-size-background=1048576"
    "memorysetup-job-temp-allocator-reduction-small-platforms=262144"
    "memorysetup-allocator-temp-initial-block-size-main=262144"
    "memorysetup-allocator-temp-initial-block-size-worker=262144"
    "memorysetup-temp-allocator-size-background-worker=32768"
    "memorysetup-temp-allocator-size-job-worker=262144"
    "memorysetup-temp-allocator-size-preload-manager=33554432"
    "memorysetup-temp-allocator-size-nav-mesh-worker=65536"
    "memorysetup-temp-allocator-size-audio-worker=65536"
    "memorysetup-temp-allocator-size-cloud-worker=32768"
    "memorysetup-temp-allocator-size-gi-baking-worker=262144"
    "memorysetup-temp-allocator-size-gi-baking-worker=262144"
    "memorysetup-temp-allocator-size-gi-baking-worker=262144"
    "memorysetup-temp-allocator-size-gi-baking-worker=262144"
    "memorysetup-temp-allocator-size-gi-baking-worker=262144"
    "memorysetup-temp-allocator-size-gfx=262144"
Player connection [33752]  Target information:

Player connection [33752]  * "[IP] 192.168.15.69 [Port] 0 [Flags] 2 [Guid] 1053729172 [EditorId] 1053729172 [Version] 1048832 [Id] WindowsEditor(7,DESKTOP-E5U5H8D) [Debug] 1 [PackageName] WindowsEditor [ProjectName] Editor" 

Player connection [33752] Host joined multi-casting on [225.0.0.222:54997]...
Player connection [33752] Host joined alternative multi-casting on [225.0.0.222:34997]...
JobSystem: Creating JobQueue using job-worker-count value 5
Input System module state changed to: Initialized.
[Physics::Module] Initialized fallback backend.
[Physics::Module] Id: 0xdecafbad
Library Redirect Path: Library/
[Physics::Module] Selected backend.
[Physics::Module] Name: PhysX
[Physics::Module] Id: 0xf2b8ea05
[Physics::Module] SDK Version: 4.1.2
[Physics::Module] Integration Version: 1.0.0
[Physics::Module] Threading Mode: Multi-Threaded
Refreshing native plugins compatible for Editor in 9.75 ms, found 4 plugins.
Preloading 0 native plugins for Editor in 0.00 ms.
Initialize engine version: 6000.0.36f1 (9fe3b5f71dbb)
[Subsystems] Discovering subsystems at path C:/Program Files/Unity/Hub/Editor/6000.0.36f1/Editor/Data/Resources/UnitySubsystems
[Subsystems] Discovering subsystems at path C:/Users/VINCENZO/roguelike/Assets
GfxDevice: creating device client; kGfxThreadingModeNonThreaded
Direct3D:
    Version:  Direct3D 11.0 [level 11.1]
    Renderer: NVIDIA GeForce RTX 3060 (ID=0x2504)
    Vendor:   NVIDIA
    VRAM:     12115 MB
    Driver:   32.0.15.6094
Initialize mono
Mono path[0] = 'C:/Program Files/Unity/Hub/Editor/6000.0.36f1/Editor/Data/Managed'
Mono path[1] = 'C:/Program Files/Unity/Hub/Editor/6000.0.36f1/Editor/Data/MonoBleedingEdge/lib/mono/unityjit-win32'
Mono config path = 'C:/Program Files/Unity/Hub/Editor/6000.0.36f1/Editor/Data/MonoBleedingEdge/etc'
Using monoOptions --debugger-agent=transport=dt_socket,embedding=1,server=y,suspend=n,address=127.0.0.1:56360
Begin MonoManager ReloadAssembly
Registering precompiled unity dll's ...
Register platform support module: C:/Program Files/Unity/Hub/Editor/6000.0.36f1/Editor/Data/PlaybackEngines/WebGLSupport/UnityEditor.WebGL.Extensions.dll
Register platform support module: C:/Program Files/Unity/Hub/Editor/6000.0.36f1/Editor/Data/PlaybackEngines/WindowsStandaloneSupport/UnityEditor.WindowsStandalone.Extensions.dll
Register platform support module: C:/Program Files/Unity/Hub/Editor/6000.0.36f1/Editor/Data/PlaybackEngines/AndroidPlayer/UnityEditor.Android.Extensions.dll
Registered in 0.010434 seconds.
- Loaded All Assemblies, in  0.629 seconds
Native extension for Android target not found
Android Extension - Scanning For ADB Devices 326 ms
Native extension for WindowsStandalone target not found
Native extension for WebGL target not found
Mono: successfully reloaded assembly
- Finished resetting the current domain, in  0.827 seconds
Domain Reload Profiling: 1449ms
	BeginReloadAssembly (201ms)
		ExecutionOrderSort (0ms)
		DisableScriptedObjects (0ms)
		BackupInstance (0ms)
		ReleaseScriptingObjects (0ms)
		CreateAndSetChildDomain (1ms)
	RebuildCommonClasses (54ms)
	RebuildNativeTypeToScriptingClass (17ms)
	initialDomainReloadingComplete (94ms)
	LoadAllAssembliesAndSetupDomain (255ms)
		LoadAssemblies (201ms)
		RebuildTransferFunctionScriptingTraits (0ms)
		AnalyzeDomain (245ms)
			TypeCache.Refresh (243ms)
				TypeCache.ScanAssembly (222ms)
			BuildScriptInfoCaches (0ms)
			ResolveRequiredComponents (1ms)
	FinalizeReload (827ms)
		ReleaseScriptCaches (0ms)
		RebuildScriptCaches (0ms)
		SetupLoadedEditorAssemblies (766ms)
			LogAssemblyErrors (0ms)
			InitializePlatformSupportModulesInManaged (445ms)
			SetLoadedEditorAssemblies (6ms)
			BeforeProcessingInitializeOnLoad (80ms)
			ProcessInitializeOnLoadAttributes (154ms)
			ProcessInitializeOnLoadMethodAttributes (82ms)
			AfterProcessingInitializeOnLoad (0ms)
			EditorAssembliesLoaded (0ms)
		ExecutionOrderSort2 (0ms)
		AwakeInstancesAfterBackupRestoration (0ms)
========================================================================
Worker process is ready to serve import requests
Import Worker Mode flag is 0x00
Begin MonoManager ReloadAssembly
- Loaded All Assemblies, in  1.282 seconds
Refreshing native plugins compatible for Editor in 2.47 ms, found 4 plugins.
Native extension for Android target not found
Native extension for WindowsStandalone target not found
Native extension for WebGL target not found
Mono: successfully reloaded assembly
- Finished resetting the current domain, in  1.186 seconds
Domain Reload Profiling: 2456ms
	BeginReloadAssembly (249ms)
		ExecutionOrderSort (0ms)
		DisableScriptedObjects (7ms)
		BackupInstance (0ms)
		ReleaseScriptingObjects (0ms)
		CreateAndSetChildDomain (37ms)
	RebuildCommonClasses (48ms)
	RebuildNativeTypeToScriptingClass (18ms)
	initialDomainReloadingComplete (53ms)
	LoadAllAssembliesAndSetupDomain (902ms)
		LoadAssemblies (668ms)
		RebuildTransferFunctionScriptingTraits (0ms)
		AnalyzeDomain (393ms)
			TypeCache.Refresh (294ms)
				TypeCache.ScanAssembly (269ms)
			BuildScriptInfoCaches (79ms)
			ResolveRequiredComponents (15ms)
	FinalizeReload (1186ms)
		ReleaseScriptCaches (0ms)
		RebuildScriptCaches (0ms)
		SetupLoadedEditorAssemblies (971ms)
			LogAssemblyErrors (0ms)
			InitializePlatformSupportModulesInManaged (16ms)
			SetLoadedEditorAssemblies (4ms)
			BeforeProcessingInitializeOnLoad (173ms)
			ProcessInitializeOnLoadAttributes (601ms)
			ProcessInitializeOnLoadMethodAttributes (167ms)
			AfterProcessingInitializeOnLoad (9ms)
			EditorAssembliesLoaded (0ms)
		ExecutionOrderSort2 (0ms)
		AwakeInstancesAfterBackupRestoration (8ms)
Launched and connected shader compiler UnityShaderCompiler.exe after 0.02 seconds
Refreshing native plugins compatible for Editor in 3.14 ms, found 4 plugins.
Preloading 0 native plugins for Editor in 0.00 ms.
Unloading 205 Unused Serialized files (Serialized files now loaded: 0)
Unloading 6589 unused Assets / (5.1 MB). Loaded Objects now: 7269.
Memory consumption went from 172.7 MB to 167.6 MB.
Total: 12.657800 ms (FindLiveObjects: 0.800800 ms CreateObjectMapping: 1.556700 ms MarkObjects: 5.634900 ms  DeleteObjects: 4.663800 ms)

========================================================================
Received Import Request.
  Time since last request: 1043781.343529 seconds.
  path: Assets/Settings/Lit2DSceneTemplate.scenetemplate
  artifactKey: Guid(d03ed43fc9d8a4f2e9fa70c1c7916eb9) Importer(2089858483,192608db42251d675da83286b1cce702)
Start importing Assets/Settings/Lit2DSceneTemplate.scenetemplate using Guid(d03ed43fc9d8a4f2e9fa70c1c7916eb9) Importer(2089858483,192608db42251d675da83286b1cce702) (ScriptedImporter) -> (artifact id: '41dbe84b4f4a8dd139e371599e356809') in 0.3594099 seconds
Number of updated asset objects reloaded before import = 0Number of asset objects unloaded after import = 4

========================================================================
Received Import Request.
  Time since last request: 0.000026 seconds.
  path: Assets/Mobile Joystick/Prefabs/Mobile Joystick Zone.prefab
  artifactKey: Guid(10090517b0ea82a4fa4ec5dc6d9e630d) Importer(2089858483,192608db42251d675da83286b1cce702)
Start importing Assets/Mobile Joystick/Prefabs/Mobile Joystick Zone.prefab using Guid(10090517b0ea82a4fa4ec5dc6d9e630d) Importer(2089858483,192608db42251d675da83286b1cce702) (ScriptedImporter) -> (artifact id: '77da644afed5eaa21cf123ddb86bbdce') in 0.089325 seconds
Number of updated asset objects reloaded before import = 0Number of asset objects unloaded after import = 20

========================================================================
Received Import Request.
  Time since last request: 0.000028 seconds.
  path: Assets/Kawaii Survivor/Sprites/Plushies Icon.png
  artifactKey: Guid(2e44c1a88b62be6499aff890c09ddf8d) Importer(2089858483,192608db42251d675da83286b1cce702)
Start importing Assets/Kawaii Survivor/Sprites/Plushies Icon.png using Guid(2e44c1a88b62be6499aff890c09ddf8d) Importer(2089858483,192608db42251d675da83286b1cce702) (ScriptedImporter) -> (artifact id: 'e4fceb9fdbd056ccafa842a2c366b816') in 0.0832138 seconds
Number of updated asset objects reloaded before import = 0Number of asset objects unloaded after import = 5

========================================================================
Received Import Request.
  Time since last request: 0.000025 seconds.
  path: Assets/Design Toolbox/Sprites/Mine/Triangle_Outline_40.png
  artifactKey: Guid(6ba45635124084441bfd29c73a510831) Importer(2089858483,192608db42251d675da83286b1cce702)
Start importing Assets/Design Toolbox/Sprites/Mine/Triangle_Outline_40.png using Guid(6ba45635124084441bfd29c73a510831) Importer(2089858483,192608db42251d675da83286b1cce702) (ScriptedImporter) -> (artifact id: 'b42cabfec8f3db667b87e39d5d887fb5') in 0.0324988 seconds
Number of updated asset objects reloaded before import = 0Number of asset objects unloaded after import = 3

========================================================================
Received Import Request.
  Time since last request: 0.000026 seconds.
  path: Assets/Design Toolbox/Sprites/Heathen Engineering/Icons/Free Flat Border Single 3pt Icon.png
  artifactKey: Guid(c60e730a62e7dc2458a6b0ba7621a1ff) Importer(2089858483,192608db42251d675da83286b1cce702)
Start importing Assets/Design Toolbox/Sprites/Heathen Engineering/Icons/Free Flat Border Single 3pt Icon.png using Guid(c60e730a62e7dc2458a6b0ba7621a1ff) Importer(2089858483,192608db42251d675da83286b1cce702) (ScriptedImporter) -> (artifact id: '60f6a0468d82afbdfa2f69549a9281e0') in 0.0324744 seconds
Number of updated asset objects reloaded before import = 0Number of asset objects unloaded after import = 3

========================================================================
Received Import Request.
  Time since last request: 0.000033 seconds.
  path: Assets/Design Toolbox/Sprites/Heathen Engineering/Icons/Free Flat Border Double 5-1pt Icon.png
  artifactKey: Guid(13810fc7317ad384fa9d1745157efbe6) Importer(2089858483,192608db42251d675da83286b1cce702)
Start importing Assets/Design Toolbox/Sprites/Heathen Engineering/Icons/Free Flat Border Double 5-1pt Icon.png using Guid(13810fc7317ad384fa9d1745157efbe6) Importer(2089858483,192608db42251d675da83286b1cce702) (ScriptedImporter) -> (artifact id: '5f12360eb88795a13d6f309a7d3f92b5') in 0.0320347 seconds
Number of updated asset objects reloaded before import = 0Number of asset objects unloaded after import = 3

========================================================================
Received Import Request.
  Time since last request: 0.000018 seconds.
  path: Assets/Design Toolbox/Sprites/Heathen Engineering/Icons/Free Flat Arrow 7 SW Icon.png
  artifactKey: Guid(f9d826ed2cdfb594b916ba79efd8ad7e) Importer(2089858483,192608db42251d675da83286b1cce702)
Start importing Assets/Design Toolbox/Sprites/Heathen Engineering/Icons/Free Flat Arrow 7 SW Icon.png using Guid(f9d826ed2cdfb594b916ba79efd8ad7e) Importer(2089858483,192608db42251d675da83286b1cce702) (ScriptedImporter) -> (artifact id: 'fa6485dea78a6259a43135e63db67a97') in 0.0336456 seconds
Number of updated asset objects reloaded before import = 0Number of asset objects unloaded after import = 3

========================================================================
Received Import Request.
  Time since last request: 0.000017 seconds.
  path: Assets/Design Toolbox/Sprites/Heathen Engineering/Icons/Free Flat Arrow 7 N Icon.png
  artifactKey: Guid(e019bdf0d3613c04abc6f970450486c8) Importer(2089858483,192608db42251d675da83286b1cce702)
Start importing Assets/Design Toolbox/Sprites/Heathen Engineering/Icons/Free Flat Arrow 7 N Icon.png using Guid(e019bdf0d3613c04abc6f970450486c8) Importer(2089858483,192608db42251d675da83286b1cce702) (ScriptedImporter) -> (artifact id: '809a214fe020fb761a5835f74038c3b6') in 0.0409319 seconds
Number of updated asset objects reloaded before import = 0Number of asset objects unloaded after import = 3

========================================================================
Received Import Request.
  Time since last request: 0.000023 seconds.
  path: Assets/Design Toolbox/Sprites/Heathen Engineering/Icons/Free Flat Arrow 5 W Icon.png
  artifactKey: Guid(323bd73710daae84dbc6117dacc5c496) Importer(2089858483,192608db42251d675da83286b1cce702)
Start importing Assets/Design Toolbox/Sprites/Heathen Engineering/Icons/Free Flat Arrow 5 W Icon.png using Guid(323bd73710daae84dbc6117dacc5c496) Importer(2089858483,192608db42251d675da83286b1cce702) (ScriptedImporter) -> (artifact id: 'f6ac98321df6ceeaf3a55e58b8dbdfeb') in 0.034601 seconds
Number of updated asset objects reloaded before import = 0Number of asset objects unloaded after import = 3

========================================================================
Received Import Request.
  Time since last request: 0.000026 seconds.
  path: Assets/Design Toolbox/Sprites/Heathen Engineering/Icons/Free Flat Arrow 7 E Icon.png
  artifactKey: Guid(3f18113a534a8544d94b42a95ef80ba4) Importer(2089858483,192608db42251d675da83286b1cce702)
Start importing Assets/Design Toolbox/Sprites/Heathen Engineering/Icons/Free Flat Arrow 7 E Icon.png using Guid(3f18113a534a8544d94b42a95ef80ba4) Importer(2089858483,192608db42251d675da83286b1cce702) (ScriptedImporter) -> (artifact id: '5d74523de0410b74c6dcd37a521bab2f') in 0.0352521 seconds
Number of updated asset objects reloaded before import = 0Number of asset objects unloaded after import = 3

========================================================================
Received Import Request.
  Time since last request: 0.000017 seconds.
  path: Assets/Design Toolbox/Sprites/Heathen Engineering/Icons/Free Flat Banner Icon.png
  artifactKey: Guid(a23c0d0f5384d9f43b834cdea5621314) Importer(2089858483,192608db42251d675da83286b1cce702)
Start importing Assets/Design Toolbox/Sprites/Heathen Engineering/Icons/Free Flat Banner Icon.png using Guid(a23c0d0f5384d9f43b834cdea5621314) Importer(2089858483,192608db42251d675da83286b1cce702) (ScriptedImporter) -> (artifact id: 'b40de119876a2540de8e3b0d367640e2') in 0.0329763 seconds
Number of updated asset objects reloaded before import = 0Number of asset objects unloaded after import = 3

========================================================================
Received Import Request.
  Time since last request: 0.000018 seconds.
  path: Assets/Design Toolbox/Sprites/Heathen Engineering/Icons/Free Flat Button Blank Right Bumper Icon.png
  artifactKey: Guid(b988e45b20744634e8f05906f78dfdb1) Importer(2089858483,192608db42251d675da83286b1cce702)
Start importing Assets/Design Toolbox/Sprites/Heathen Engineering/Icons/Free Flat Button Blank Right Bumper Icon.png using Guid(b988e45b20744634e8f05906f78dfdb1) Importer(2089858483,192608db42251d675da83286b1cce702) (ScriptedImporter) -> (artifact id: '39c0d349ab5b9b756b95b856dd5ad7d0') in 0.0344178 seconds
Number of updated asset objects reloaded before import = 0Number of asset objects unloaded after import = 3

========================================================================
Received Import Request.
  Time since last request: 0.000019 seconds.
  path: Assets/Design Toolbox/Sprites/Heathen Engineering/Icons/Free Flat Button Solid Left 1 Icon.png
  artifactKey: Guid(5bc5c58f25a195e48a39ed8a641b7399) Importer(2089858483,192608db42251d675da83286b1cce702)
Start importing Assets/Design Toolbox/Sprites/Heathen Engineering/Icons/Free Flat Button Solid Left 1 Icon.png using Guid(5bc5c58f25a195e48a39ed8a641b7399) Importer(2089858483,192608db42251d675da83286b1cce702) (ScriptedImporter) -> (artifact id: '78b081f83c02b8c1e650d6db6ebb938e') in 0.0309005 seconds
Number of updated asset objects reloaded before import = 0Number of asset objects unloaded after import = 3

========================================================================
Received Import Request.
  Time since last request: 0.000029 seconds.
  path: Assets/Design Toolbox/Sprites/Heathen Engineering/Icons/Free Flat Button Blank X Icon.png
  artifactKey: Guid(f16ca8d9b20ab364ab5f5fb683243731) Importer(2089858483,192608db42251d675da83286b1cce702)
Start importing Assets/Design Toolbox/Sprites/Heathen Engineering/Icons/Free Flat Button Blank X Icon.png using Guid(f16ca8d9b20ab364ab5f5fb683243731) Importer(2089858483,192608db42251d675da83286b1cce702) (ScriptedImporter) -> (artifact id: '2c8e45c3292e383181d217d73692b99a') in 0.0341924 seconds
Number of updated asset objects reloaded before import = 0Number of asset objects unloaded after import = 3

========================================================================
Received Import Request.
  Time since last request: 0.000015 seconds.
  path: Assets/Design Toolbox/Sprites/Heathen Engineering/Icons/Free Flat Arrow 4 E Icon.png
  artifactKey: Guid(c3c804cbbfd6a8a4c8e930a1817c8780) Importer(2089858483,192608db42251d675da83286b1cce702)
Start importing Assets/Design Toolbox/Sprites/Heathen Engineering/Icons/Free Flat Arrow 4 E Icon.png using Guid(c3c804cbbfd6a8a4c8e930a1817c8780) Importer(2089858483,192608db42251d675da83286b1cce702) (ScriptedImporter) -> (artifact id: '02b47ca02d2303c9baa7abd577732838') in 0.0364476 seconds
Number of updated asset objects reloaded before import = 0Number of asset objects unloaded after import = 3

========================================================================
Received Import Request.
  Time since last request: 0.000024 seconds.
  path: Assets/Design Toolbox/Sprites/Heathen Engineering/Icons/Free Flat Border Single 6pt Icon.png
  artifactKey: Guid(90be2c78025cc29449fdd74841bb3484) Importer(2089858483,192608db42251d675da83286b1cce702)
Start importing Assets/Design Toolbox/Sprites/Heathen Engineering/Icons/Free Flat Border Single 6pt Icon.png using Guid(90be2c78025cc29449fdd74841bb3484) Importer(2089858483,192608db42251d675da83286b1cce702) (ScriptedImporter) -> (artifact id: '5602f15041dbec4767828d880b2e84de') in 0.0396493 seconds
Number of updated asset objects reloaded before import = 0Number of asset objects unloaded after import = 3

========================================================================
Received Import Request.
  Time since last request: 0.000023 seconds.
  path: Assets/Design Toolbox/Sprites/Heathen Engineering/Icons/Free Flat Border Double 1-1pt Icon.png
  artifactKey: Guid(99ef4b1b6c988c54f992f3b96981549a) Importer(2089858483,192608db42251d675da83286b1cce702)
Start importing Assets/Design Toolbox/Sprites/Heathen Engineering/Icons/Free Flat Border Double 1-1pt Icon.png using Guid(99ef4b1b6c988c54f992f3b96981549a) Importer(2089858483,192608db42251d675da83286b1cce702) (ScriptedImporter) -> (artifact id: '442bde488764979ce16cd06c70a32651') in 0.0360502 seconds
Number of updated asset objects reloaded before import = 0Number of asset objects unloaded after import = 3

========================================================================
Received Import Request.
  Time since last request: 0.000036 seconds.
  path: Assets/Design Toolbox/Sprites/Heathen Engineering/Icons/Free Flat Button Solid Left Bumper Icon.png
  artifactKey: Guid(6f2bf985368854e409f94054cafc28b4) Importer(2089858483,192608db42251d675da83286b1cce702)
Start importing Assets/Design Toolbox/Sprites/Heathen Engineering/Icons/Free Flat Button Solid Left Bumper Icon.png using Guid(6f2bf985368854e409f94054cafc28b4) Importer(2089858483,192608db42251d675da83286b1cce702) (ScriptedImporter) -> (artifact id: 'c8f6a3005b58e399e39eb80096cd9a28') in 0.0330127 seconds
Number of updated asset objects reloaded before import = 0Number of asset objects unloaded after import = 3

========================================================================
Received Import Request.
  Time since last request: 0.000019 seconds.
  path: Assets/Design Toolbox/Sprites/Heathen Engineering/Icons/Free Flat Chat 1 Exclaim Icon.png
  artifactKey: Guid(2d69c6f4e333cb449acab64d0c219815) Importer(2089858483,192608db42251d675da83286b1cce702)
Start importing Assets/Design Toolbox/Sprites/Heathen Engineering/Icons/Free Flat Chat 1 Exclaim Icon.png using Guid(2d69c6f4e333cb449acab64d0c219815) Importer(2089858483,192608db42251d675da83286b1cce702) (ScriptedImporter) -> (artifact id: '229d39eeb35f6c0a3e4f66737b4ddd44') in 0.0336068 seconds
Number of updated asset objects reloaded before import = 0Number of asset objects unloaded after import = 3

========================================================================
Received Import Request.
  Time since last request: 0.000017 seconds.
  path: Assets/Design Toolbox/Sprites/Heathen Engineering/Icons/Free Flat Button Solid Right Bumper Icon.png
  artifactKey: Guid(f26be72dc8be4764ca51a54b57d312d0) Importer(2089858483,192608db42251d675da83286b1cce702)
Start importing Assets/Design Toolbox/Sprites/Heathen Engineering/Icons/Free Flat Button Solid Right Bumper Icon.png using Guid(f26be72dc8be4764ca51a54b57d312d0) Importer(2089858483,192608db42251d675da83286b1cce702) (ScriptedImporter) -> (artifact id: '91991ed5462ff82c3d70026ab330a17f') in 0.0350885 seconds
Number of updated asset objects reloaded before import = 0Number of asset objects unloaded after import = 3

========================================================================
Received Import Request.
  Time since last request: 0.000023 seconds.
  path: Assets/Design Toolbox/Sprites/Heathen Engineering/Icons/Free Flat Button Solid Y Icon.png
  artifactKey: Guid(f3565a7a017759148b71fa384df16242) Importer(2089858483,192608db42251d675da83286b1cce702)
Start importing Assets/Design Toolbox/Sprites/Heathen Engineering/Icons/Free Flat Button Solid Y Icon.png using Guid(f3565a7a017759148b71fa384df16242) Importer(2089858483,192608db42251d675da83286b1cce702) (ScriptedImporter) -> (artifact id: '7bb95a0dd0d5e8da9174da0aeedc8883') in 0.0312797 seconds
Number of updated asset objects reloaded before import = 0Number of asset objects unloaded after import = 3

========================================================================
Received Import Request.
  Time since last request: 0.000032 seconds.
  path: Assets/Design Toolbox/Sprites/Heathen Engineering/Icons/Free Flat Arrow 3 E Icon.png
  artifactKey: Guid(2750da8e4b41f294090c5d2a83c0992f) Importer(2089858483,192608db42251d675da83286b1cce702)
Start importing Assets/Design Toolbox/Sprites/Heathen Engineering/Icons/Free Flat Arrow 3 E Icon.png using Guid(2750da8e4b41f294090c5d2a83c0992f) Importer(2089858483,192608db42251d675da83286b1cce702) (ScriptedImporter) -> (artifact id: '01a40d41f200f460e976e6849483e851') in 0.0344614 seconds
Number of updated asset objects reloaded before import = 0Number of asset objects unloaded after import = 3

========================================================================
Received Import Request.
  Time since last request: 0.000027 seconds.
  path: Assets/Design Toolbox/Sprites/Heathen Engineering/Icons/Free Flat Battery Smooth Fill Icon.png
  artifactKey: Guid(b47e5e900aad8344f8c4b8bf0a328d3c) Importer(2089858483,192608db42251d675da83286b1cce702)
Start importing Assets/Design Toolbox/Sprites/Heathen Engineering/Icons/Free Flat Battery Smooth Fill Icon.png using Guid(b47e5e900aad8344f8c4b8bf0a328d3c) Importer(2089858483,192608db42251d675da83286b1cce702) (ScriptedImporter) -> (artifact id: 'ba02d9b550e647b967bc1a65fa9df753') in 0.033499 seconds
Number of updated asset objects reloaded before import = 0Number of asset objects unloaded after import = 3

========================================================================
Received Import Request.
  Time since last request: 0.000017 seconds.
  path: Assets/Design Toolbox/Sprites/Heathen Engineering/Icons/Free Flat Border Double 4-1pt Icon.png
  artifactKey: Guid(12f86861311f44d498be1af5893d3779) Importer(2089858483,192608db42251d675da83286b1cce702)
Start importing Assets/Design Toolbox/Sprites/Heathen Engineering/Icons/Free Flat Border Double 4-1pt Icon.png using Guid(12f86861311f44d498be1af5893d3779) Importer(2089858483,192608db42251d675da83286b1cce702) (ScriptedImporter) -> (artifact id: '6b69fb4e9187ee65769684c113f54a8d') in 0.0310577 seconds
Number of updated asset objects reloaded before import = 0Number of asset objects unloaded after import = 3

========================================================================
Received Import Request.
  Time since last request: 0.000018 seconds.
  path: Assets/Design Toolbox/Sprites/Heathen Engineering/Icons/Free Flat Circle Dash Icon.png
  artifactKey: Guid(a569a5f6afddaa34a9757d84bb77e9a1) Importer(2089858483,192608db42251d675da83286b1cce702)
Start importing Assets/Design Toolbox/Sprites/Heathen Engineering/Icons/Free Flat Circle Dash Icon.png using Guid(a569a5f6afddaa34a9757d84bb77e9a1) Importer(2089858483,192608db42251d675da83286b1cce702) (ScriptedImporter) -> (artifact id: 'bd446bf640561a5356c615e18ebba9ae') in 0.0423244 seconds
Number of updated asset objects reloaded before import = 0Number of asset objects unloaded after import = 3

========================================================================
Received Import Request.
  Time since last request: 0.000026 seconds.
  path: Assets/Design Toolbox/Sprites/Heathen Engineering/Icons/Free Flat Cloud 1 Icon.png
  artifactKey: Guid(42e143c86e7453d4f8f631ea354c035a) Importer(2089858483,192608db42251d675da83286b1cce702)
Start importing Assets/Design Toolbox/Sprites/Heathen Engineering/Icons/Free Flat Cloud 1 Icon.png using Guid(42e143c86e7453d4f8f631ea354c035a) Importer(2089858483,192608db42251d675da83286b1cce702) (ScriptedImporter) -> (artifact id: '0dcdda961f73ec596c6881aab8556815') in 0.0336842 seconds
Number of updated asset objects reloaded before import = 0Number of asset objects unloaded after import = 3

========================================================================
Received Import Request.
  Time since last request: 0.000015 seconds.
  path: Assets/Design Toolbox/Sprites/Heathen Engineering/Icons/Free Flat Chat 3 Ellipsis Icon.png
  artifactKey: Guid(98e0f9ed3a2516b4888cbb15bc0a3b54) Importer(2089858483,192608db42251d675da83286b1cce702)
Start importing Assets/Design Toolbox/Sprites/Heathen Engineering/Icons/Free Flat Chat 3 Ellipsis Icon.png using Guid(98e0f9ed3a2516b4888cbb15bc0a3b54) Importer(2089858483,192608db42251d675da83286b1cce702) (ScriptedImporter) -> (artifact id: 'e86a567619326d8845674c9236f8c6b4') in 0.0350975 seconds
Number of updated asset objects reloaded before import = 0Number of asset objects unloaded after import = 3

========================================================================
Received Import Request.
  Time since last request: 0.000015 seconds.
  path: Assets/Design Toolbox/Sprites/Heathen Engineering/Icons/Free Flat Chat 3 Question Icon.png
  artifactKey: Guid(8150e29ed402938409cabad52898f538) Importer(2089858483,192608db42251d675da83286b1cce702)
Start importing Assets/Design Toolbox/Sprites/Heathen Engineering/Icons/Free Flat Chat 3 Question Icon.png using Guid(8150e29ed402938409cabad52898f538) Importer(2089858483,192608db42251d675da83286b1cce702) (ScriptedImporter) -> (artifact id: '9565431b8b610d805b9530c689b0ce79') in 0.0319577 seconds
Number of updated asset objects reloaded before import = 0Number of asset objects unloaded after import = 3

========================================================================
Received Import Request.
  Time since last request: 0.000023 seconds.
  path: Assets/Design Toolbox/Sprites/Heathen Engineering/Icons/Free Flat Connection 1 Icon.png
  artifactKey: Guid(aa594d32530d2e84fbddfe4be182a215) Importer(2089858483,192608db42251d675da83286b1cce702)
Start importing Assets/Design Toolbox/Sprites/Heathen Engineering/Icons/Free Flat Connection 1 Icon.png using Guid(aa594d32530d2e84fbddfe4be182a215) Importer(2089858483,192608db42251d675da83286b1cce702) (ScriptedImporter) -> (artifact id: '6443379e33610727355a105d178b6943') in 0.0360297 seconds
Number of updated asset objects reloaded before import = 0Number of asset objects unloaded after import = 3

========================================================================
Received Import Request.
  Time since last request: 0.000028 seconds.
  path: Assets/Design Toolbox/Sprites/Heathen Engineering/Icons/Free Flat Chat 1 Blank Icon.png
  artifactKey: Guid(71d79bf573254f644a28e7c73e416105) Importer(2089858483,192608db42251d675da83286b1cce702)
Start importing Assets/Design Toolbox/Sprites/Heathen Engineering/Icons/Free Flat Chat 1 Blank Icon.png using Guid(71d79bf573254f644a28e7c73e416105) Importer(2089858483,192608db42251d675da83286b1cce702) (ScriptedImporter) -> (artifact id: '28c750f3ca8bf2352f74427754ecfc0e') in 0.0317623 seconds
Number of updated asset objects reloaded before import = 0Number of asset objects unloaded after import = 3

========================================================================
Received Import Request.
  Time since last request: 0.000016 seconds.
  path: Assets/Kawaii Survivor/Sprites/UI/Dizzy.png
  artifactKey: Guid(4376e1ac0bd93d4449ef396140f7b133) Importer(2089858483,192608db42251d675da83286b1cce702)
Start importing Assets/Kawaii Survivor/Sprites/UI/Dizzy.png using Guid(4376e1ac0bd93d4449ef396140f7b133) Importer(2089858483,192608db42251d675da83286b1cce702) (ScriptedImporter) -> (artifact id: '62414cc0de803e91dadab9a2611ba878') in 0.0311581 seconds
Number of updated asset objects reloaded before import = 0Number of asset objects unloaded after import = 3

========================================================================
Received Import Request.
  Time since last request: 0.000016 seconds.
  path: Assets/Design Toolbox/Sprites/Heathen Engineering/Icons/Free Flat Exit Left Icon.png
  artifactKey: Guid(cf03c630256c7dc47afa1a941c9b7968) Importer(2089858483,192608db42251d675da83286b1cce702)
Start importing Assets/Design Toolbox/Sprites/Heathen Engineering/Icons/Free Flat Exit Left Icon.png using Guid(cf03c630256c7dc47afa1a941c9b7968) Importer(2089858483,192608db42251d675da83286b1cce702) (ScriptedImporter) -> (artifact id: '298168b8b8b04b9b61ed6237bb0304bf') in 0.0353748 seconds
Number of updated asset objects reloaded before import = 0Number of asset objects unloaded after import = 3

========================================================================
Received Import Request.
  Time since last request: 0.000018 seconds.
  path: Assets/Design Toolbox/Sprites/Heathen Engineering/Icons/Free Flat Download Cloud Icon.png
  artifactKey: Guid(a0b6f2cb1df595b46930a12f75a81772) Importer(2089858483,192608db42251d675da83286b1cce702)
Start importing Assets/Design Toolbox/Sprites/Heathen Engineering/Icons/Free Flat Download Cloud Icon.png using Guid(a0b6f2cb1df595b46930a12f75a81772) Importer(2089858483,192608db42251d675da83286b1cce702) (ScriptedImporter) -> (artifact id: 'ab68174e463c77e5b76f9c52e4f7a730') in 0.033153 seconds
Number of updated asset objects reloaded before import = 0Number of asset objects unloaded after import = 3

========================================================================
Received Import Request.
  Time since last request: 0.000029 seconds.
  path: Assets/Design Toolbox/Sprites/Heathen Engineering/Icons/Free Flat Disk 3 Icon.png
  artifactKey: Guid(22538c55dffce6f47834b48a5970cd81) Importer(2089858483,192608db42251d675da83286b1cce702)
Start importing Assets/Design Toolbox/Sprites/Heathen Engineering/Icons/Free Flat Disk 3 Icon.png using Guid(22538c55dffce6f47834b48a5970cd81) Importer(2089858483,192608db42251d675da83286b1cce702) (ScriptedImporter) -> (artifact id: 'cf775eff98ceec0719f293c4941af0be') in 0.0328862 seconds
Number of updated asset objects reloaded before import = 0Number of asset objects unloaded after import = 3

========================================================================
Received Import Request.
  Time since last request: 0.000020 seconds.
  path: Assets/Design Toolbox/Sprites/Heathen Engineering/Icons/Free Flat Gear 3 Icon.png
  artifactKey: Guid(4cc60f0142748304ca70d11a2ce32203) Importer(2089858483,192608db42251d675da83286b1cce702)
Start importing Assets/Design Toolbox/Sprites/Heathen Engineering/Icons/Free Flat Gear 3 Icon.png using Guid(4cc60f0142748304ca70d11a2ce32203) Importer(2089858483,192608db42251d675da83286b1cce702) (ScriptedImporter) -> (artifact id: '609c6768efc50535a0fcffb16940aa5a') in 0.0332238 seconds
Number of updated asset objects reloaded before import = 0Number of asset objects unloaded after import = 3

========================================================================
Received Import Request.
  Time since last request: 0.000014 seconds.
  path: Assets/Design Toolbox/Sprites/Heathen Engineering/Icons/Free Flat Gradient Circle (Bottom) Icon.png
  artifactKey: Guid(12c3cc74bc3f4a74f8bf4f294f797d54) Importer(2089858483,192608db42251d675da83286b1cce702)
Start importing Assets/Design Toolbox/Sprites/Heathen Engineering/Icons/Free Flat Gradient Circle (Bottom) Icon.png using Guid(12c3cc74bc3f4a74f8bf4f294f797d54) Importer(2089858483,192608db42251d675da83286b1cce702) (ScriptedImporter) -> (artifact id: '91539ef72400c56b1a18fc9b4487cf80') in 0.0333429 seconds
Number of updated asset objects reloaded before import = 0Number of asset objects unloaded after import = 3

========================================================================
Received Import Request.
  Time since last request: 0.000018 seconds.
  path: Assets/Design Toolbox/Sprites/Heathen Engineering/Icons/Free Flat Arrow 5 SW Icon.png
  artifactKey: Guid(66cea11fb6a86534ab82d8712d6f782b) Importer(2089858483,192608db42251d675da83286b1cce702)
Start importing Assets/Design Toolbox/Sprites/Heathen Engineering/Icons/Free Flat Arrow 5 SW Icon.png using Guid(66cea11fb6a86534ab82d8712d6f782b) Importer(2089858483,192608db42251d675da83286b1cce702) (ScriptedImporter) -> (artifact id: 'cff6b4dfefa5181165e4d6a25ffe7389') in 0.0319526 seconds
Number of updated asset objects reloaded before import = 0Number of asset objects unloaded after import = 3

========================================================================
Received Import Request.
  Time since last request: 0.000031 seconds.
  path: Assets/Design Toolbox/Fonts/Sublima.OTF
  artifactKey: Guid(0686136957550294eb53c79cbdac31fd) Importer(2089858483,192608db42251d675da83286b1cce702)
Start importing Assets/Design Toolbox/Fonts/Sublima.OTF using Guid(0686136957550294eb53c79cbdac31fd) Importer(2089858483,192608db42251d675da83286b1cce702) (ScriptedImporter) -> (artifact id: '730bab6d349c8431ed96f30c401cb1c8') in 0.0271992 seconds
Number of updated asset objects reloaded before import = 0Number of asset objects unloaded after import = 3

========================================================================
Received Import Request.
  Time since last request: 0.000017 seconds.
  path: Assets/Design Toolbox/Sprites/Heathen Engineering/Icons/Free Flat Hat Solid NES Icon.png
  artifactKey: Guid(c4ac5f3ea2864b943ac08da9a3e9d511) Importer(2089858483,192608db42251d675da83286b1cce702)
Start importing Assets/Design Toolbox/Sprites/Heathen Engineering/Icons/Free Flat Hat Solid NES Icon.png using Guid(c4ac5f3ea2864b943ac08da9a3e9d511) Importer(2089858483,192608db42251d675da83286b1cce702) (ScriptedImporter) -> (artifact id: 'd449cfe0dc576507b06a2a60ede01530') in 0.034298 seconds
Number of updated asset objects reloaded before import = 0Number of asset objects unloaded after import = 3

========================================================================
Received Import Request.
  Time since last request: 0.000018 seconds.
  path: Assets/Design Toolbox/Sprites/Heathen Engineering/Icons/Free Flat Hat Solid EW Icon.png
  artifactKey: Guid(5e15ac1f91a3248428bfeb5aacfea078) Importer(2089858483,192608db42251d675da83286b1cce702)
Start importing Assets/Design Toolbox/Sprites/Heathen Engineering/Icons/Free Flat Hat Solid EW Icon.png using Guid(5e15ac1f91a3248428bfeb5aacfea078) Importer(2089858483,192608db42251d675da83286b1cce702) (ScriptedImporter) -> (artifact id: 'cd870510ec7272bfed29903e210e5566') in 0.0325393 seconds
Number of updated asset objects reloaded before import = 0Number of asset objects unloaded after import = 3

========================================================================
Received Import Request.
  Time since last request: 0.000015 seconds.
  path: Assets/Design Toolbox/Sprites/Heathen Engineering/Icons/Free Flat Hat Solid N Icon.png
  artifactKey: Guid(a7177caaa757a4d4cac55efaabd67d92) Importer(2089858483,192608db42251d675da83286b1cce702)
Start importing Assets/Design Toolbox/Sprites/Heathen Engineering/Icons/Free Flat Hat Solid N Icon.png using Guid(a7177caaa757a4d4cac55efaabd67d92) Importer(2089858483,192608db42251d675da83286b1cce702) (ScriptedImporter) -> (artifact id: '6a7c76d50a39aee82bb90fedf5ca44dd') in 0.0279716 seconds
Number of updated asset objects reloaded before import = 0Number of asset objects unloaded after import = 3

========================================================================
Received Import Request.
  Time since last request: 0.000021 seconds.
  path: Assets/Design Toolbox/Sprites/Heathen Engineering/Icons/Free Flat Gradient Vertical (Middle) Icon.png
  artifactKey: Guid(1fa55995552a1ad4d8fb1977d1dc135f) Importer(2089858483,192608db42251d675da83286b1cce702)
Start importing Assets/Design Toolbox/Sprites/Heathen Engineering/Icons/Free Flat Gradient Vertical (Middle) Icon.png using Guid(1fa55995552a1ad4d8fb1977d1dc135f) Importer(2089858483,192608db42251d675da83286b1cce702) (ScriptedImporter) -> (artifact id: '246f53cea84170235973db83fa2eb680') in 0.0395806 seconds
Number of updated asset objects reloaded before import = 0Number of asset objects unloaded after import = 3

========================================================================
Received Import Request.
  Time since last request: 0.000039 seconds.
  path: Assets/Design Toolbox/Sprites/Heathen Engineering/Icons/Free Flat Hat Solid NW Icon.png
  artifactKey: Guid(4123cf49a9e94bf4e853f60226e46a5f) Importer(2089858483,192608db42251d675da83286b1cce702)
Start importing Assets/Design Toolbox/Sprites/Heathen Engineering/Icons/Free Flat Hat Solid NW Icon.png using Guid(4123cf49a9e94bf4e853f60226e46a5f) Importer(2089858483,192608db42251d675da83286b1cce702) (ScriptedImporter) -> (artifact id: '44f116a41250b4414db5fa613d58ee64') in 0.0403407 seconds
Number of updated asset objects reloaded before import = 0Number of asset objects unloaded after import = 3

========================================================================
Received Import Request.
  Time since last request: 0.000017 seconds.
  path: Assets/Design Toolbox/Sprites/Heathen Engineering/Icons/Free Flat Border Double 1-3pt Icon.png
  artifactKey: Guid(71a05f27a813b0b40ba97c72bf8c59f8) Importer(2089858483,192608db42251d675da83286b1cce702)
Start importing Assets/Design Toolbox/Sprites/Heathen Engineering/Icons/Free Flat Border Double 1-3pt Icon.png using Guid(71a05f27a813b0b40ba97c72bf8c59f8) Importer(2089858483,192608db42251d675da83286b1cce702) (ScriptedImporter) -> (artifact id: 'e023f8d2e0942c7824463df9bcd732e2') in 0.0338893 seconds
Number of updated asset objects reloaded before import = 0Number of asset objects unloaded after import = 3

========================================================================
Received Import Request.
  Time since last request: 0.000019 seconds.
  path: Assets/Design Toolbox/Sprites/Heathen Engineering/Icons/Free Flat Button Blank Right 2 Icon.png
  artifactKey: Guid(463c2aaea7772194fbd59989df2c5135) Importer(2089858483,192608db42251d675da83286b1cce702)
Start importing Assets/Design Toolbox/Sprites/Heathen Engineering/Icons/Free Flat Button Blank Right 2 Icon.png using Guid(463c2aaea7772194fbd59989df2c5135) Importer(2089858483,192608db42251d675da83286b1cce702) (ScriptedImporter) -> (artifact id: 'e682fcbe681ad080a0f6b81191a32c6e') in 0.0315885 seconds
Number of updated asset objects reloaded before import = 0Number of asset objects unloaded after import = 3

========================================================================
Received Import Request.
  Time since last request: 0.000019 seconds.
  path: Assets/Design Toolbox/Sprites/Heathen Engineering/Icons/Free Flat Gradient Circle (Right) Icon.png
  artifactKey: Guid(672d6696a008164478c0ffb9ceee46bc) Importer(2089858483,192608db42251d675da83286b1cce702)
Start importing Assets/Design Toolbox/Sprites/Heathen Engineering/Icons/Free Flat Gradient Circle (Right) Icon.png using Guid(672d6696a008164478c0ffb9ceee46bc) Importer(2089858483,192608db42251d675da83286b1cce702) (ScriptedImporter) -> (artifact id: 'b0236f6be6d2395bf635d65b5dd4a262') in 0.0329052 seconds
Number of updated asset objects reloaded before import = 0Number of asset objects unloaded after import = 3

========================================================================
Received Import Request.
  Time since last request: 0.000027 seconds.
  path: Assets/Design Toolbox/Sprites/Heathen Engineering/Icons/Free Flat Hat Split NE Icon.png
  artifactKey: Guid(b61b4cfa10e855e4eac44966d6113f26) Importer(2089858483,192608db42251d675da83286b1cce702)
Start importing Assets/Design Toolbox/Sprites/Heathen Engineering/Icons/Free Flat Hat Split NE Icon.png using Guid(b61b4cfa10e855e4eac44966d6113f26) Importer(2089858483,192608db42251d675da83286b1cce702) (ScriptedImporter) -> (artifact id: 'a8654965a9f042866b9a482c9b4a3a36') in 0.0372317 seconds
Number of updated asset objects reloaded before import = 0Number of asset objects unloaded after import = 3

========================================================================
Received Import Request.
  Time since last request: 0.000020 seconds.
  path: Assets/Design Toolbox/Sprites/Heathen Engineering/Icons/Free Flat Hat Split S Icon.png
  artifactKey: Guid(0574ad204ce85db469a066c20d0f377e) Importer(2089858483,192608db42251d675da83286b1cce702)
Start importing Assets/Design Toolbox/Sprites/Heathen Engineering/Icons/Free Flat Hat Split S Icon.png using Guid(0574ad204ce85db469a066c20d0f377e) Importer(2089858483,192608db42251d675da83286b1cce702) (ScriptedImporter) -> (artifact id: '20fe9650f1ecc8e0e69b80d0ad53c12d') in 0.0320565 seconds
Number of updated asset objects reloaded before import = 0Number of asset objects unloaded after import = 3

========================================================================
Received Import Request.
  Time since last request: 0.000016 seconds.
  path: Assets/Design Toolbox/Sprites/Heathen Engineering/Icons/Free Flat Hat Split E Icon.png
  artifactKey: Guid(30990340d6554dc439a6db77a98c2e70) Importer(2089858483,192608db42251d675da83286b1cce702)
Start importing Assets/Design Toolbox/Sprites/Heathen Engineering/Icons/Free Flat Hat Split E Icon.png using Guid(30990340d6554dc439a6db77a98c2e70) Importer(2089858483,192608db42251d675da83286b1cce702) (ScriptedImporter) -> (artifact id: '8866b9d35a6b97a82b6d9ce314d0e4cb') in 0.0331845 seconds
Number of updated asset objects reloaded before import = 0Number of asset objects unloaded after import = 3

========================================================================
Received Import Request.
  Time since last request: 0.000019 seconds.
  path: Assets/Design Toolbox/Sprites/Heathen Engineering/Icons/Free Flat Home Icon.png
  artifactKey: Guid(2776e7415ee80d54b8ba0b71a8f22d19) Importer(2089858483,192608db42251d675da83286b1cce702)
Start importing Assets/Design Toolbox/Sprites/Heathen Engineering/Icons/Free Flat Home Icon.png using Guid(2776e7415ee80d54b8ba0b71a8f22d19) Importer(2089858483,192608db42251d675da83286b1cce702) (ScriptedImporter) -> (artifact id: '6f33e4c6e21befe6893ba1f3cd064286') in 0.0326438 seconds
Number of updated asset objects reloaded before import = 0Number of asset objects unloaded after import = 3

========================================================================
Received Import Request.
  Time since last request: 0.000026 seconds.
  path: Assets/Design Toolbox/Sprites/Heathen Engineering/Icons/Free Flat Lock Closed Icon.png
  artifactKey: Guid(640b86b0058321e4fab8001b90531991) Importer(2089858483,192608db42251d675da83286b1cce702)
Start importing Assets/Design Toolbox/Sprites/Heathen Engineering/Icons/Free Flat Lock Closed Icon.png using Guid(640b86b0058321e4fab8001b90531991) Importer(2089858483,192608db42251d675da83286b1cce702) (ScriptedImporter) -> (artifact id: 'dbf284c4cbc2fc9431ea6c7bee44ac9f') in 0.0388071 seconds
Number of updated asset objects reloaded before import = 0Number of asset objects unloaded after import = 3

========================================================================
Received Import Request.
  Time since last request: 0.000014 seconds.
  path: Assets/Design Toolbox/Sprites/Heathen Engineering/Icons/Free Flat Hat Split SW Icon.png
  artifactKey: Guid(2d2efb71714622f48a1b75dcb0fbe9c1) Importer(2089858483,192608db42251d675da83286b1cce702)
Start importing Assets/Design Toolbox/Sprites/Heathen Engineering/Icons/Free Flat Hat Split SW Icon.png using Guid(2d2efb71714622f48a1b75dcb0fbe9c1) Importer(2089858483,192608db42251d675da83286b1cce702) (ScriptedImporter) -> (artifact id: '82486618e90b884b5950da88e824b9c8') in 0.0370702 seconds
Number of updated asset objects reloaded before import = 0Number of asset objects unloaded after import = 3

========================================================================
Received Import Request.
  Time since last request: 0.000017 seconds.
  path: Assets/Design Toolbox/Sprites/Heathen Engineering/Icons/Free Flat Media Right Icon.png
  artifactKey: Guid(6523bf926843dbb4e979cedb7370c43e) Importer(2089858483,192608db42251d675da83286b1cce702)
Start importing Assets/Design Toolbox/Sprites/Heathen Engineering/Icons/Free Flat Media Right Icon.png using Guid(6523bf926843dbb4e979cedb7370c43e) Importer(2089858483,192608db42251d675da83286b1cce702) (ScriptedImporter) -> (artifact id: '165e006173f0907f20154745ed02e6c0') in 0.0321062 seconds
Number of updated asset objects reloaded before import = 0Number of asset objects unloaded after import = 3

========================================================================
Received Import Request.
  Time since last request: 0.000016 seconds.
  path: Assets/Design Toolbox/Sprites/Heathen Engineering/Icons/Free Flat Menu 10 Icon.png
  artifactKey: Guid(461c7ab371b3c814e836b1682d4162b3) Importer(2089858483,192608db42251d675da83286b1cce702)
Start importing Assets/Design Toolbox/Sprites/Heathen Engineering/Icons/Free Flat Menu 10 Icon.png using Guid(461c7ab371b3c814e836b1682d4162b3) Importer(2089858483,192608db42251d675da83286b1cce702) (ScriptedImporter) -> (artifact id: '939bb678767f15588cfedd15437dec2b') in 0.0311179 seconds
Number of updated asset objects reloaded before import = 0Number of asset objects unloaded after import = 3

========================================================================
Received Import Request.
  Time since last request: 0.000026 seconds.
  path: Assets/Design Toolbox/Sprites/Heathen Engineering/Icons/Free Flat Magnify Plus Icon.png
  artifactKey: Guid(e8e788d00a023ef4ea9a8e321c8efb2a) Importer(2089858483,192608db42251d675da83286b1cce702)
Start importing Assets/Design Toolbox/Sprites/Heathen Engineering/Icons/Free Flat Magnify Plus Icon.png using Guid(e8e788d00a023ef4ea9a8e321c8efb2a) Importer(2089858483,192608db42251d675da83286b1cce702) (ScriptedImporter) -> (artifact id: '2c91ba31ca2b2be36f3272087a418ace') in 0.0304215 seconds
Number of updated asset objects reloaded before import = 0Number of asset objects unloaded after import = 3

========================================================================
Received Import Request.
  Time since last request: 0.000020 seconds.
  path: Assets/Design Toolbox/Sprites/Heathen Engineering/Icons/Free Flat Menu 2 Icon.png
  artifactKey: Guid(0e89f78e71f5979439b0c05bb022f87b) Importer(2089858483,192608db42251d675da83286b1cce702)
Start importing Assets/Design Toolbox/Sprites/Heathen Engineering/Icons/Free Flat Menu 2 Icon.png using Guid(0e89f78e71f5979439b0c05bb022f87b) Importer(2089858483,192608db42251d675da83286b1cce702) (ScriptedImporter) -> (artifact id: 'c241c24a7aad6d42e46596817ed0cd86') in 0.0377501 seconds
Number of updated asset objects reloaded before import = 0Number of asset objects unloaded after import = 3

========================================================================
Received Import Request.
  Time since last request: 0.000017 seconds.
  path: Assets/Design Toolbox/Sprites/Heathen Engineering/Icons/Free Flat Menu 1 Icon.png
  artifactKey: Guid(54edad069dc0f1148bf3ab0538fa2391) Importer(2089858483,192608db42251d675da83286b1cce702)
Start importing Assets/Design Toolbox/Sprites/Heathen Engineering/Icons/Free Flat Menu 1 Icon.png using Guid(54edad069dc0f1148bf3ab0538fa2391) Importer(2089858483,192608db42251d675da83286b1cce702) (ScriptedImporter) -> (artifact id: 'aa97619de9b28a4cd5bb90d2ead75a63') in 0.0342061 seconds
Number of updated asset objects reloaded before import = 0Number of asset objects unloaded after import = 3

========================================================================
Received Import Request.
  Time since last request: 0.000015 seconds.
  path: Assets/Design Toolbox/Sprites/Heathen Engineering/Icons/Free Flat Media Right Double Icon.png
  artifactKey: Guid(22057aef5fa19f9489473012c242bba0) Importer(2089858483,192608db42251d675da83286b1cce702)
Start importing Assets/Design Toolbox/Sprites/Heathen Engineering/Icons/Free Flat Media Right Double Icon.png using Guid(22057aef5fa19f9489473012c242bba0) Importer(2089858483,192608db42251d675da83286b1cce702) (ScriptedImporter) -> (artifact id: '1fb204b57fb3d23ead31a22cbfe8c9b5') in 0.0308519 seconds
Number of updated asset objects reloaded before import = 0Number of asset objects unloaded after import = 3

========================================================================
Received Import Request.
  Time since last request: 0.000024 seconds.
  path: Assets/Design Toolbox/Sprites/Heathen Engineering/Icons/Free Flat Button Solid Triangle Icon.png
  artifactKey: Guid(03d93f0af71a932438f67fe810db03b9) Importer(2089858483,192608db42251d675da83286b1cce702)
Start importing Assets/Design Toolbox/Sprites/Heathen Engineering/Icons/Free Flat Button Solid Triangle Icon.png using Guid(03d93f0af71a932438f67fe810db03b9) Importer(2089858483,192608db42251d675da83286b1cce702) (ScriptedImporter) -> (artifact id: '3d5b2e5bd61b123d90064a347c7fb4e3') in 0.0309908 seconds
Number of updated asset objects reloaded before import = 0Number of asset objects unloaded after import = 3

========================================================================
Received Import Request.
  Time since last request: 0.000013 seconds.
  path: Assets/Design Toolbox/Sprites/Heathen Engineering/Icons/Free Flat Move In Icon.png
  artifactKey: Guid(fb23ae9c9c616a34a808b7e87e761a4b) Importer(2089858483,192608db42251d675da83286b1cce702)
Start importing Assets/Design Toolbox/Sprites/Heathen Engineering/Icons/Free Flat Move In Icon.png using Guid(fb23ae9c9c616a34a808b7e87e761a4b) Importer(2089858483,192608db42251d675da83286b1cce702) (ScriptedImporter) -> (artifact id: '69c3ca0c3b689012c0d7547ad53f6db6') in 0.0303707 seconds
Number of updated asset objects reloaded before import = 0Number of asset objects unloaded after import = 3

========================================================================
Received Import Request.
  Time since last request: 0.000013 seconds.
  path: Assets/Design Toolbox/Sprites/Heathen Engineering/Icons/Free Flat Move In_1 Icon.png
  artifactKey: Guid(033336c308c8eb048a200b88b4c9012f) Importer(2089858483,192608db42251d675da83286b1cce702)
Start importing Assets/Design Toolbox/Sprites/Heathen Engineering/Icons/Free Flat Move In_1 Icon.png using Guid(033336c308c8eb048a200b88b4c9012f) Importer(2089858483,192608db42251d675da83286b1cce702) (ScriptedImporter) -> (artifact id: 'ac029ff7cb231c135017d9a0645e3c30') in 0.0309945 seconds
Number of updated asset objects reloaded before import = 0Number of asset objects unloaded after import = 3

========================================================================
Received Import Request.
  Time since last request: 0.000024 seconds.
  path: Assets/Design Toolbox/Sprites/Heathen Engineering/Icons/Free Flat Pen Icon.png
  artifactKey: Guid(705f0467455c3f0479897da07daeb0be) Importer(2089858483,192608db42251d675da83286b1cce702)
Start importing Assets/Design Toolbox/Sprites/Heathen Engineering/Icons/Free Flat Pen Icon.png using Guid(705f0467455c3f0479897da07daeb0be) Importer(2089858483,192608db42251d675da83286b1cce702) (ScriptedImporter) -> (artifact id: '549d41339769bfe0362a58f2da7ea8fb') in 0.0307822 seconds
Number of updated asset objects reloaded before import = 0Number of asset objects unloaded after import = 3

========================================================================
Received Import Request.
  Time since last request: 0.000023 seconds.
  path: Assets/Design Toolbox/Sprites/Heathen Engineering/Icons/Free Flat Mic Icon.png
  artifactKey: Guid(f2f9800a1d8f6624db87fcc401513e95) Importer(2089858483,192608db42251d675da83286b1cce702)
Start importing Assets/Design Toolbox/Sprites/Heathen Engineering/Icons/Free Flat Mic Icon.png using Guid(f2f9800a1d8f6624db87fcc401513e95) Importer(2089858483,192608db42251d675da83286b1cce702) (ScriptedImporter) -> (artifact id: '21f5c36870133acba0d37d9f192ea864') in 0.0300457 seconds
Number of updated asset objects reloaded before import = 0Number of asset objects unloaded after import = 3

========================================================================
Received Import Request.
  Time since last request: 0.000020 seconds.
  path: Assets/Design Toolbox/Sprites/Heathen Engineering/Icons/Free Flat Mic No Crossless Icon.png
  artifactKey: Guid(17a49a70c2f55784b88d0fb593781488) Importer(2089858483,192608db42251d675da83286b1cce702)
Start importing Assets/Design Toolbox/Sprites/Heathen Engineering/Icons/Free Flat Mic No Crossless Icon.png using Guid(17a49a70c2f55784b88d0fb593781488) Importer(2089858483,192608db42251d675da83286b1cce702) (ScriptedImporter) -> (artifact id: '5b4c8a25ed94c944b7bfc2ea79048246') in 0.029607 seconds
Number of updated asset objects reloaded before import = 0Number of asset objects unloaded after import = 3

========================================================================
Received Import Request.
  Time since last request: 0.000013 seconds.
  path: Assets/Design Toolbox/Sprites/Heathen Engineering/Icons/Free Flat Mic No Cross Icon.png
  artifactKey: Guid(d5ad855c08e83c3409a8053c8f886d54) Importer(2089858483,192608db42251d675da83286b1cce702)
Start importing Assets/Design Toolbox/Sprites/Heathen Engineering/Icons/Free Flat Mic No Cross Icon.png using Guid(d5ad855c08e83c3409a8053c8f886d54) Importer(2089858483,192608db42251d675da83286b1cce702) (ScriptedImporter) -> (artifact id: '45e0939fa8ace83b97f6922fe4cb089f') in 0.0297674 seconds
Number of updated asset objects reloaded before import = 0Number of asset objects unloaded after import = 3

========================================================================
Received Import Request.
  Time since last request: 0.000018 seconds.
  path: Assets/Design Toolbox/Sprites/Heathen Engineering/Icons/Free Flat Arrow 5 SE Icon.png
  artifactKey: Guid(346d57798d5f0444aaea807128d42e2e) Importer(2089858483,192608db42251d675da83286b1cce702)
Start importing Assets/Design Toolbox/Sprites/Heathen Engineering/Icons/Free Flat Arrow 5 SE Icon.png using Guid(346d57798d5f0444aaea807128d42e2e) Importer(2089858483,192608db42251d675da83286b1cce702) (ScriptedImporter) -> (artifact id: '66612e20ac9e0c5bcb7022f0d921c1ec') in 0.0319058 seconds
Number of updated asset objects reloaded before import = 0Number of asset objects unloaded after import = 3

========================================================================
Received Import Request.
  Time since last request: 0.000016 seconds.
  path: Assets/Design Toolbox/Sprites/Heathen Engineering/Icons/Free Flat Connection 2 Icon.png
  artifactKey: Guid(5d52258ac0c672b4696b3d924f44d149) Importer(2089858483,192608db42251d675da83286b1cce702)
Start importing Assets/Design Toolbox/Sprites/Heathen Engineering/Icons/Free Flat Connection 2 Icon.png using Guid(5d52258ac0c672b4696b3d924f44d149) Importer(2089858483,192608db42251d675da83286b1cce702) (ScriptedImporter) -> (artifact id: '9b6f1e5ceda94e36f049e2dca624c9c0') in 0.0324955 seconds
Number of updated asset objects reloaded before import = 0Number of asset objects unloaded after import = 3

========================================================================
Received Import Request.
  Time since last request: 0.000024 seconds.
  path: Assets/Design Toolbox/Sprites/Heathen Engineering/Icons/Free Flat Signal Up 1 Icon.png
  artifactKey: Guid(01eead9d665b57646bca62095606183a) Importer(2089858483,192608db42251d675da83286b1cce702)
Start importing Assets/Design Toolbox/Sprites/Heathen Engineering/Icons/Free Flat Signal Up 1 Icon.png using Guid(01eead9d665b57646bca62095606183a) Importer(2089858483,192608db42251d675da83286b1cce702) (ScriptedImporter) -> (artifact id: 'c6f21f46a61a342ad7a614a58f02979f') in 0.031873 seconds
Number of updated asset objects reloaded before import = 0Number of asset objects unloaded after import = 3

========================================================================
Received Import Request.
  Time since last request: 0.000014 seconds.
  path: Assets/Design Toolbox/Sprites/Heathen Engineering/Icons/Free Flat Plus Icon.png
  artifactKey: Guid(dbd47afd428ae6e46acf14df8476e8db) Importer(2089858483,192608db42251d675da83286b1cce702)
Start importing Assets/Design Toolbox/Sprites/Heathen Engineering/Icons/Free Flat Plus Icon.png using Guid(dbd47afd428ae6e46acf14df8476e8db) Importer(2089858483,192608db42251d675da83286b1cce702) (ScriptedImporter) -> (artifact id: '723caceab3793c2ecfe9b96d671904d4') in 0.030239 seconds
Number of updated asset objects reloaded before import = 0Number of asset objects unloaded after import = 3

========================================================================
Received Import Request.
  Time since last request: 0.000017 seconds.
  path: Assets/Design Toolbox/Sprites/Heathen Engineering/Icons/Free Flat People 4 Icon.png
  artifactKey: Guid(45a1cba1d3d949545a6edfcc72019549) Importer(2089858483,192608db42251d675da83286b1cce702)
Start importing Assets/Design Toolbox/Sprites/Heathen Engineering/Icons/Free Flat People 4 Icon.png using Guid(45a1cba1d3d949545a6edfcc72019549) Importer(2089858483,192608db42251d675da83286b1cce702) (ScriptedImporter) -> (artifact id: '09b60bf7960055968f8c948fe616ed20') in 0.0373504 seconds
Number of updated asset objects reloaded before import = 0Number of asset objects unloaded after import = 3

========================================================================
Received Import Request.
  Time since last request: 0.000016 seconds.
  path: Assets/Design Toolbox/Sprites/Heathen Engineering/Icons/Free Flat People 2 Icon.png
  artifactKey: Guid(c2b97174e9f46424eae9d83a5ca15158) Importer(2089858483,192608db42251d675da83286b1cce702)
Start importing Assets/Design Toolbox/Sprites/Heathen Engineering/Icons/Free Flat People 2 Icon.png using Guid(c2b97174e9f46424eae9d83a5ca15158) Importer(2089858483,192608db42251d675da83286b1cce702) (ScriptedImporter) -> (artifact id: '14d0cee3243377a7591e1b4ac973c766') in 0.0389062 seconds
Number of updated asset objects reloaded before import = 0Number of asset objects unloaded after import = 3

========================================================================
Received Import Request.
  Time since last request: 0.000018 seconds.
  path: Assets/Design Toolbox/Sprites/Heathen Engineering/Icons/Free Flat Signal Up 0 Icon.png
  artifactKey: Guid(a7244b18d2f1b32478166258108232f0) Importer(2089858483,192608db42251d675da83286b1cce702)
Start importing Assets/Design Toolbox/Sprites/Heathen Engineering/Icons/Free Flat Signal Up 0 Icon.png using Guid(a7244b18d2f1b32478166258108232f0) Importer(2089858483,192608db42251d675da83286b1cce702) (ScriptedImporter) -> (artifact id: 'b76c684798f2aa1f9c426076d10bef75') in 0.0300107 seconds
Number of updated asset objects reloaded before import = 0Number of asset objects unloaded after import = 3

========================================================================
Received Import Request.
  Time since last request: 0.000027 seconds.
  path: Assets/Design Toolbox/Sprites/Heathen Engineering/Icons/Free Flat Signal Up Off Icon.png
  artifactKey: Guid(b626bfb4f029b8e49841dbd66431319f) Importer(2089858483,192608db42251d675da83286b1cce702)
Start importing Assets/Design Toolbox/Sprites/Heathen Engineering/Icons/Free Flat Signal Up Off Icon.png using Guid(b626bfb4f029b8e49841dbd66431319f) Importer(2089858483,192608db42251d675da83286b1cce702) (ScriptedImporter) -> (artifact id: 'b2d0ba108b7ae86acd4566a654d6653a') in 0.0311603 seconds
Number of updated asset objects reloaded before import = 0Number of asset objects unloaded after import = 3

========================================================================
Received Import Request.
  Time since last request: 0.000019 seconds.
  path: Assets/Design Toolbox/Sprites/Heathen Engineering/Icons/Free Flat Toggle Right Icon.png
  artifactKey: Guid(1023dc51a47ee2646b092add613fd71f) Importer(2089858483,192608db42251d675da83286b1cce702)
Start importing Assets/Design Toolbox/Sprites/Heathen Engineering/Icons/Free Flat Toggle Right Icon.png using Guid(1023dc51a47ee2646b092add613fd71f) Importer(2089858483,192608db42251d675da83286b1cce702) (ScriptedImporter) -> (artifact id: 'a086d4e2c5ca5766994df5c83cd676cb') in 0.0297767 seconds
Number of updated asset objects reloaded before import = 0Number of asset objects unloaded after import = 3

========================================================================
Received Import Request.
  Time since last request: 0.000015 seconds.
  path: Assets/Design Toolbox/Sprites/Heathen Engineering/Icons/Free Flat Volume 3 Icon.png
  artifactKey: Guid(e153e7320d1c3b247b8dd9913128265a) Importer(2089858483,192608db42251d675da83286b1cce702)
Start importing Assets/Design Toolbox/Sprites/Heathen Engineering/Icons/Free Flat Volume 3 Icon.png using Guid(e153e7320d1c3b247b8dd9913128265a) Importer(2089858483,192608db42251d675da83286b1cce702) (ScriptedImporter) -> (artifact id: '8882b383a3d16b1c0b44dec02cac7367') in 0.0355212 seconds
Number of updated asset objects reloaded before import = 0Number of asset objects unloaded after import = 3

========================================================================
Received Import Request.
  Time since last request: 0.000016 seconds.
  path: Assets/Kawaii Survivor/Sprites/UI/Stats Icons/Attack.png
  artifactKey: Guid(d2cab2151e877f841a2a1a17f1fc4f30) Importer(2089858483,192608db42251d675da83286b1cce702)
Start importing Assets/Kawaii Survivor/Sprites/UI/Stats Icons/Attack.png using Guid(d2cab2151e877f841a2a1a17f1fc4f30) Importer(2089858483,192608db42251d675da83286b1cce702) (ScriptedImporter) -> (artifact id: '3aa40e52a0711a35c6b1e2756d094419') in 0.0322128 seconds
Number of updated asset objects reloaded before import = 0Number of asset objects unloaded after import = 3

========================================================================
Received Import Request.
  Time since last request: 0.000016 seconds.
  path: Assets/Design Toolbox/Sprites/Heathen Engineering/Icons/Free Flat Upload 2 Icon.png
  artifactKey: Guid(e9923c6d5bf099243b4b1ce45e68853a) Importer(2089858483,192608db42251d675da83286b1cce702)
Start importing Assets/Design Toolbox/Sprites/Heathen Engineering/Icons/Free Flat Upload 2 Icon.png using Guid(e9923c6d5bf099243b4b1ce45e68853a) Importer(2089858483,192608db42251d675da83286b1cce702) (ScriptedImporter) -> (artifact id: '71b91c73df8afa5f20a200136a21d24f') in 0.0302473 seconds
Number of updated asset objects reloaded before import = 0Number of asset objects unloaded after import = 3

========================================================================
Received Import Request.
  Time since last request: 0.000034 seconds.
  path: Assets/Kawaii Survivor/Sprites/UI/Stats Icons/Life Steal.png
  artifactKey: Guid(c4d682f9cc22d5241a612eb7b5db0110) Importer(2089858483,192608db42251d675da83286b1cce702)
Start importing Assets/Kawaii Survivor/Sprites/UI/Stats Icons/Life Steal.png using Guid(c4d682f9cc22d5241a612eb7b5db0110) Importer(2089858483,192608db42251d675da83286b1cce702) (ScriptedImporter) -> (artifact id: 'b06189f7b39a251f0f0174af191ac723') in 0.0358736 seconds
Number of updated asset objects reloaded before import = 0Number of asset objects unloaded after import = 3

========================================================================
Received Import Request.
  Time since last request: 0.000015 seconds.
  path: Assets/Design Toolbox/Sprites/Heathen Engineering/Icons/Free Flat Upload 1 Icon.png
  artifactKey: Guid(961661a007c5e694ea024df6b49ce3ae) Importer(2089858483,192608db42251d675da83286b1cce702)
Start importing Assets/Design Toolbox/Sprites/Heathen Engineering/Icons/Free Flat Upload 1 Icon.png using Guid(961661a007c5e694ea024df6b49ce3ae) Importer(2089858483,192608db42251d675da83286b1cce702) (ScriptedImporter) -> (artifact id: '59520141aa82cf3e6ef618302e821f60') in 0.0327098 seconds
Number of updated asset objects reloaded before import = 0Number of asset objects unloaded after import = 3

========================================================================
Received Import Request.
  Time since last request: 0.000014 seconds.
  path: Assets/Design Toolbox/Sprites/Heathen Engineering/Source/Free Flat GUI.ai
  artifactKey: Guid(68dd031738686a84f8cd0abdbf6a21d4) Importer(2089858483,192608db42251d675da83286b1cce702)
Start importing Assets/Design Toolbox/Sprites/Heathen Engineering/Source/Free Flat GUI.ai using Guid(68dd031738686a84f8cd0abdbf6a21d4) Importer(2089858483,192608db42251d675da83286b1cce702) (ScriptedImporter) -> (artifact id: '98342d5848aeb56925ca3d5598347963') in 0.0109889 seconds
Number of updated asset objects reloaded before import = 0Number of asset objects unloaded after import = 1

========================================================================
Received Import Request.
  Time since last request: 0.000016 seconds.
  path: Assets/Kawaii Survivor/Sprites/UI/Stats Icons/Armor.png
  artifactKey: Guid(8fffe40f3ebda0d469b31ca1513a3248) Importer(2089858483,192608db42251d675da83286b1cce702)
Start importing Assets/Kawaii Survivor/Sprites/UI/Stats Icons/Armor.png using Guid(8fffe40f3ebda0d469b31ca1513a3248) Importer(2089858483,192608db42251d675da83286b1cce702) (ScriptedImporter) -> (artifact id: '62052f2905ed905a85708d5339131881') in 0.0308368 seconds
Number of updated asset objects reloaded before import = 0Number of asset objects unloaded after import = 3

========================================================================
Received Import Request.
  Time since last request: 0.000020 seconds.
  path: Assets/Tabsil/Mineral/Icons/Colored/Blue.png
  artifactKey: Guid(e0530e5cd023c6c42a538467e8f9c52e) Importer(2089858483,192608db42251d675da83286b1cce702)
Start importing Assets/Tabsil/Mineral/Icons/Colored/Blue.png using Guid(e0530e5cd023c6c42a538467e8f9c52e) Importer(2089858483,192608db42251d675da83286b1cce702) (ScriptedImporter) -> (artifact id: '30c69becf4d698dabad27155bded5c5d') in 0.0297906 seconds
Number of updated asset objects reloaded before import = 0Number of asset objects unloaded after import = 3

========================================================================
Received Import Request.
  Time since last request: 0.000034 seconds.
  path: Assets/Tabsil/Mineral/Icons/Colored/Lime.png
  artifactKey: Guid(b7e7fb6d76651aa479872084fc20908e) Importer(2089858483,192608db42251d675da83286b1cce702)
Start importing Assets/Tabsil/Mineral/Icons/Colored/Lime.png using Guid(b7e7fb6d76651aa479872084fc20908e) Importer(2089858483,192608db42251d675da83286b1cce702) (ScriptedImporter) -> (artifact id: 'd861565675d2ee79f6b7cf0b3f11a4c7') in 0.0317567 seconds
Number of updated asset objects reloaded before import = 0Number of asset objects unloaded after import = 3

========================================================================
Received Import Request.
  Time since last request: 0.000019 seconds.
  path: Assets/Tabsil/Mineral/Icons/Colored/Green.png
  artifactKey: Guid(63a7676c74ba6d24f9c72a91e8224b64) Importer(2089858483,192608db42251d675da83286b1cce702)
Start importing Assets/Tabsil/Mineral/Icons/Colored/Green.png using Guid(63a7676c74ba6d24f9c72a91e8224b64) Importer(2089858483,192608db42251d675da83286b1cce702) (ScriptedImporter) -> (artifact id: '41e4ad8c4a4fdfc8fe59f9fbb62eb565') in 0.0334053 seconds
Number of updated asset objects reloaded before import = 0Number of asset objects unloaded after import = 3

========================================================================
Received Import Request.
  Time since last request: 0.000013 seconds.
  path: Assets/Tabsil/Mineral/Icons/Colored/Cyan.png
  artifactKey: Guid(6096b9b779d6f71488e33c320ecca41b) Importer(2089858483,192608db42251d675da83286b1cce702)
Start importing Assets/Tabsil/Mineral/Icons/Colored/Cyan.png using Guid(6096b9b779d6f71488e33c320ecca41b) Importer(2089858483,192608db42251d675da83286b1cce702) (ScriptedImporter) -> (artifact id: '22eeb1c4ae0945521be106fe5c87a37a') in 0.0364194 seconds
Number of updated asset objects reloaded before import = 0Number of asset objects unloaded after import = 3

========================================================================
Received Import Request.
  Time since last request: 0.000022 seconds.
  path: Assets/Kawaii Survivor/Sprites/UI/Stats Icons/Move Speed.png
  artifactKey: Guid(09777c6673130274ca8d759ba7bfbf35) Importer(2089858483,192608db42251d675da83286b1cce702)
Start importing Assets/Kawaii Survivor/Sprites/UI/Stats Icons/Move Speed.png using Guid(09777c6673130274ca8d759ba7bfbf35) Importer(2089858483,192608db42251d675da83286b1cce702) (ScriptedImporter) -> (artifact id: 'f6ccef4f7c9c6aa8e8ee881800ad00e3') in 0.0341264 seconds
Number of updated asset objects reloaded before import = 0Number of asset objects unloaded after import = 3

========================================================================
Received Import Request.
  Time since last request: 0.000046 seconds.
  path: Assets/Tabsil/Mineral/Icons/Colored/Black.png
  artifactKey: Guid(e66e40b9cc7bde244be8980cd461420c) Importer(2089858483,192608db42251d675da83286b1cce702)
Start importing Assets/Tabsil/Mineral/Icons/Colored/Black.png using Guid(e66e40b9cc7bde244be8980cd461420c) Importer(2089858483,192608db42251d675da83286b1cce702) (ScriptedImporter) -> (artifact id: '34bae14705765b5abd0b29a52abd4cd7') in 0.033774 seconds
Number of updated asset objects reloaded before import = 0Number of asset objects unloaded after import = 3

========================================================================
Received Import Request.
  Time since last request: 0.000016 seconds.
  path: Assets/TotalJSON/Scripts/JSON.cs
  artifactKey: Guid(2ac3101645eb62d46b49e8887468095c) Importer(2089858483,192608db42251d675da83286b1cce702)
Start importing Assets/TotalJSON/Scripts/JSON.cs using Guid(2ac3101645eb62d46b49e8887468095c) Importer(2089858483,192608db42251d675da83286b1cce702) (ScriptedImporter) -> (artifact id: '067cf13ba4830cd4eebac864a20fafbd') in 0.0151404 seconds
Number of updated asset objects reloaded before import = 0Number of asset objects unloaded after import = 0

========================================================================
Received Import Request.
  Time since last request: 0.000016 seconds.
  path: Assets/Design Toolbox/Sprites/Heathen Engineering/Icons/Free Flat Chat 2 Ellipsis Icon.png
  artifactKey: Guid(88c10575716b42f4681514f464e8e81f) Importer(2089858483,192608db42251d675da83286b1cce702)
Start importing Assets/Design Toolbox/Sprites/Heathen Engineering/Icons/Free Flat Chat 2 Ellipsis Icon.png using Guid(88c10575716b42f4681514f464e8e81f) Importer(2089858483,192608db42251d675da83286b1cce702) (ScriptedImporter) -> (artifact id: 'c51219867b02b6a0230446d89b97c89a') in 0.0348697 seconds
Number of updated asset objects reloaded before import = 0Number of asset objects unloaded after import = 3

========================================================================
Received Import Request.
  Time since last request: 0.000013 seconds.
  path: Assets/Tabsil/Sijil/Scripts/Core/IWantToBeSaved.cs
  artifactKey: Guid(e242c894e3c02a74f82789d48c7fdb5f) Importer(2089858483,192608db42251d675da83286b1cce702)
Start importing Assets/Tabsil/Sijil/Scripts/Core/IWantToBeSaved.cs using Guid(e242c894e3c02a74f82789d48c7fdb5f) Importer(2089858483,192608db42251d675da83286b1cce702) (ScriptedImporter) -> (artifact id: '6ece87349a7cc2c2454d046a27267d18') in 0.0159902 seconds
Number of updated asset objects reloaded before import = 0Number of asset objects unloaded after import = 0

========================================================================
Received Import Request.
  Time since last request: 0.000024 seconds.
  path: Assets/Design Toolbox/Sprites/Heathen Engineering/Icons/Free Flat Hat Solid NESW Icon.png
  artifactKey: Guid(ad28ff0024282714d98193f0b11e99c8) Importer(2089858483,192608db42251d675da83286b1cce702)
Start importing Assets/Design Toolbox/Sprites/Heathen Engineering/Icons/Free Flat Hat Solid NESW Icon.png using Guid(ad28ff0024282714d98193f0b11e99c8) Importer(2089858483,192608db42251d675da83286b1cce702) (ScriptedImporter) -> (artifact id: 'c058352bba42919a76937310bd0395f9') in 0.0311448 seconds
Number of updated asset objects reloaded before import = 0Number of asset objects unloaded after import = 3

========================================================================
Received Import Request.
  Time since last request: 0.000026 seconds.
  path: Assets/Design Toolbox/Sprites/Heathen Engineering/Icons/Free Flat Signal Up 2 Icon.png
  artifactKey: Guid(0eb838ecab1c6554cb140a94de6ce907) Importer(2089858483,192608db42251d675da83286b1cce702)
Start importing Assets/Design Toolbox/Sprites/Heathen Engineering/Icons/Free Flat Signal Up 2 Icon.png using Guid(0eb838ecab1c6554cb140a94de6ce907) Importer(2089858483,192608db42251d675da83286b1cce702) (ScriptedImporter) -> (artifact id: 'f96e14fc1d19dc2e7085302f54415ffc') in 0.0313814 seconds
Number of updated asset objects reloaded before import = 0Number of asset objects unloaded after import = 3

========================================================================
Received Import Request.
  Time since last request: 0.000015 seconds.
  path: Assets/Design Toolbox/Sprites/Heathen Engineering/Icons/Free Flat Arrow 4 W Icon.png
  artifactKey: Guid(539a4c67d1d328e4ab6c8f533d26a90b) Importer(2089858483,192608db42251d675da83286b1cce702)
Start importing Assets/Design Toolbox/Sprites/Heathen Engineering/Icons/Free Flat Arrow 4 W Icon.png using Guid(539a4c67d1d328e4ab6c8f533d26a90b) Importer(2089858483,192608db42251d675da83286b1cce702) (ScriptedImporter) -> (artifact id: '5ed7e68c21cb11eb8c55a19db3e10ddc') in 0.0323152 seconds
Number of updated asset objects reloaded before import = 0Number of asset objects unloaded after import = 3

========================================================================
Received Import Request.
  Time since last request: 0.000016 seconds.
  path: Assets/Design Toolbox/Sprites/Heathen Engineering/Icons/Free Flat Heart Empty Icon.png
  artifactKey: Guid(2b128a5e4d59a054e9193a83052697e3) Importer(2089858483,192608db42251d675da83286b1cce702)
Start importing Assets/Design Toolbox/Sprites/Heathen Engineering/Icons/Free Flat Heart Empty Icon.png using Guid(2b128a5e4d59a054e9193a83052697e3) Importer(2089858483,192608db42251d675da83286b1cce702) (ScriptedImporter) -> (artifact id: '299bfb690c7b303635fb163e8bb379a9') in 0.0346851 seconds
Number of updated asset objects reloaded before import = 0Number of asset objects unloaded after import = 3

========================================================================
Received Import Request.
  Time since last request: 0.000019 seconds.
  path: Assets/TotalJSON/Internal/DebugLogger.cs
  artifactKey: Guid(23f205b462b0dee40b9ee440d7cb1cce) Importer(2089858483,192608db42251d675da83286b1cce702)
Start importing Assets/TotalJSON/Internal/DebugLogger.cs using Guid(23f205b462b0dee40b9ee440d7cb1cce) Importer(2089858483,192608db42251d675da83286b1cce702) (ScriptedImporter) -> (artifact id: '3f437c1fbd3fafbab05007849a6a18f4') in 0.0131335 seconds
Number of updated asset objects reloaded before import = 0Number of asset objects unloaded after import = 0

========================================================================
Received Import Request.
  Time since last request: 0.000027 seconds.
  path: Assets/Design Toolbox/Sprites/Heathen Engineering/Icons/Free Flat Chat 1 Bars Icon.png
  artifactKey: Guid(b14a97e41c4b4434092e87d6ceb06183) Importer(2089858483,192608db42251d675da83286b1cce702)
Start importing Assets/Design Toolbox/Sprites/Heathen Engineering/Icons/Free Flat Chat 1 Bars Icon.png using Guid(b14a97e41c4b4434092e87d6ceb06183) Importer(2089858483,192608db42251d675da83286b1cce702) (ScriptedImporter) -> (artifact id: 'cbd14c3c0fa372525e40b52d3f6773fa') in 0.0316495 seconds
Number of updated asset objects reloaded before import = 0Number of asset objects unloaded after import = 3

========================================================================
Received Import Request.
  Time since last request: 0.000017 seconds.
  path: Assets/Design Toolbox/Sprites/Heathen Engineering/Icons/Free Flat Button Solid X Icon.png
  artifactKey: Guid(31261ef829c8d5443941fedf93581633) Importer(2089858483,192608db42251d675da83286b1cce702)
Start importing Assets/Design Toolbox/Sprites/Heathen Engineering/Icons/Free Flat Button Solid X Icon.png using Guid(31261ef829c8d5443941fedf93581633) Importer(2089858483,192608db42251d675da83286b1cce702) (ScriptedImporter) -> (artifact id: '5f04faf402818a2431ef59547f64260f') in 0.035915 seconds
Number of updated asset objects reloaded before import = 0Number of asset objects unloaded after import = 3

========================================================================
Received Import Request.
  Time since last request: 0.000016 seconds.
  path: Assets/Design Toolbox/Sprites/Heathen Engineering/Icons/Free Flat Button Blank Square Icon.png
  artifactKey: Guid(786aa4bc4afe21e4aab9aa3fa82d0c8b) Importer(2089858483,192608db42251d675da83286b1cce702)
Start importing Assets/Design Toolbox/Sprites/Heathen Engineering/Icons/Free Flat Button Blank Square Icon.png using Guid(786aa4bc4afe21e4aab9aa3fa82d0c8b) Importer(2089858483,192608db42251d675da83286b1cce702) (ScriptedImporter) -> (artifact id: '3eaac0ff3ec4eec3183212abb75c8de9') in 0.0355771 seconds
Number of updated asset objects reloaded before import = 0Number of asset objects unloaded after import = 3

========================================================================
Received Import Request.
  Time since last request: 0.000019 seconds.
  path: Assets/TotalJSON/Internal/Editor/window-icon.png
  artifactKey: Guid(7de077ad9b723ed40b5ae6d8a8320274) Importer(2089858483,192608db42251d675da83286b1cce702)
Start importing Assets/TotalJSON/Internal/Editor/window-icon.png using Guid(7de077ad9b723ed40b5ae6d8a8320274) Importer(2089858483,192608db42251d675da83286b1cce702) (ScriptedImporter) -> (artifact id: 'a6f419d03e694bac1719f0ee36aa938d') in 0.0371019 seconds
Number of updated asset objects reloaded before import = 0Number of asset objects unloaded after import = 3

========================================================================
Received Import Request.
  Time since last request: 0.000028 seconds.
  path: Assets/Design Toolbox/Sprites/Heathen Engineering/Icons/Free Flat Download 2 Icon.png
  artifactKey: Guid(c3c81b037aa57ed4bb6d9a6f0b83a87c) Importer(2089858483,192608db42251d675da83286b1cce702)
Start importing Assets/Design Toolbox/Sprites/Heathen Engineering/Icons/Free Flat Download 2 Icon.png using Guid(c3c81b037aa57ed4bb6d9a6f0b83a87c) Importer(2089858483,192608db42251d675da83286b1cce702) (ScriptedImporter) -> (artifact id: '35d33e5b3c57563d1c94f76e9eea3305') in 0.0325833 seconds
Number of updated asset objects reloaded before import = 0Number of asset objects unloaded after import = 3

========================================================================
Received Import Request.
  Time since last request: 0.000016 seconds.
  path: Assets/Design Toolbox/Sprites/Heathen Engineering/Icons/Free Flat Gear 4 Icon.png
  artifactKey: Guid(2fa906dd9c7da0e44b82fa4cda8f8a8a) Importer(2089858483,192608db42251d675da83286b1cce702)
Start importing Assets/Design Toolbox/Sprites/Heathen Engineering/Icons/Free Flat Gear 4 Icon.png using Guid(2fa906dd9c7da0e44b82fa4cda8f8a8a) Importer(2089858483,192608db42251d675da83286b1cce702) (ScriptedImporter) -> (artifact id: '82532ac6de4cd1c90ff1d4c80e37bbd4') in 0.0338845 seconds
Number of updated asset objects reloaded before import = 0Number of asset objects unloaded after import = 3

========================================================================
Received Import Request.
  Time since last request: 0.000014 seconds.
  path: Assets/Design Toolbox/Sprites/Heathen Engineering/Icons/Free Flat Hat Solid NS Icon.png
  artifactKey: Guid(5765d0c2d64a33040af9c54787ad7418) Importer(2089858483,192608db42251d675da83286b1cce702)
Start importing Assets/Design Toolbox/Sprites/Heathen Engineering/Icons/Free Flat Hat Solid NS Icon.png using Guid(5765d0c2d64a33040af9c54787ad7418) Importer(2089858483,192608db42251d675da83286b1cce702) (ScriptedImporter) -> (artifact id: 'f23c4abc4534f90501054f6bbb1abe12') in 0.0326639 seconds
Number of updated asset objects reloaded before import = 0Number of asset objects unloaded after import = 3

========================================================================
Received Import Request.
  Time since last request: 0.000026 seconds.
  path: Assets/Design Toolbox/Sprites/Heathen Engineering/Icons/Free Flat Mic Off Dashless Icon.png
  artifactKey: Guid(50fea1eac0ada9a46b84161f5c9db6cd) Importer(2089858483,192608db42251d675da83286b1cce702)
Start importing Assets/Design Toolbox/Sprites/Heathen Engineering/Icons/Free Flat Mic Off Dashless Icon.png using Guid(50fea1eac0ada9a46b84161f5c9db6cd) Importer(2089858483,192608db42251d675da83286b1cce702) (ScriptedImporter) -> (artifact id: 'bc6ffaa4ce204876a6dd6bf34686bb6e') in 0.0342488 seconds
Number of updated asset objects reloaded before import = 0Number of asset objects unloaded after import = 3

========================================================================
Received Import Request.
  Time since last request: 0.000027 seconds.
  path: Assets/Design Toolbox/Sprites/Heathen Engineering/Icons/Free Flat Move Out Icon.png
  artifactKey: Guid(27e3504e0ecab4f478e174d2f4f4be75) Importer(2089858483,192608db42251d675da83286b1cce702)
Start importing Assets/Design Toolbox/Sprites/Heathen Engineering/Icons/Free Flat Move Out Icon.png using Guid(27e3504e0ecab4f478e174d2f4f4be75) Importer(2089858483,192608db42251d675da83286b1cce702) (ScriptedImporter) -> (artifact id: '43a68adb0449cf45222f600fc0782c14') in 0.0327447 seconds
Number of updated asset objects reloaded before import = 0Number of asset objects unloaded after import = 3

========================================================================
Received Import Request.
  Time since last request: 0.000016 seconds.
  path: Assets/Design Toolbox/Sprites/Heathen Engineering/Icons/Free Flat Music No Dashless Icon.png
  artifactKey: Guid(547bb804169b8084a8523d172c156a03) Importer(2089858483,192608db42251d675da83286b1cce702)
Start importing Assets/Design Toolbox/Sprites/Heathen Engineering/Icons/Free Flat Music No Dashless Icon.png using Guid(547bb804169b8084a8523d172c156a03) Importer(2089858483,192608db42251d675da83286b1cce702) (ScriptedImporter) -> (artifact id: 'bdaa1ec8a6032ed3c5722e90ccdfaebf') in 0.0301319 seconds
Number of updated asset objects reloaded before import = 0Number of asset objects unloaded after import = 3

========================================================================
Received Import Request.
  Time since last request: 0.000023 seconds.
  path: Assets/Kawaii Survivor/Sprites/Weapons/LeStab.png
  artifactKey: Guid(e260fcef0dd7ae847bb70df83762c267) Importer(2089858483,192608db42251d675da83286b1cce702)
Start importing Assets/Kawaii Survivor/Sprites/Weapons/LeStab.png using Guid(e260fcef0dd7ae847bb70df83762c267) Importer(2089858483,192608db42251d675da83286b1cce702) (ScriptedImporter) -> (artifact id: 'a881132c27497b7c6fea885a7e6b31fb') in 0.0287067 seconds
Number of updated asset objects reloaded before import = 0Number of asset objects unloaded after import = 3

========================================================================
Received Import Request.
  Time since last request: 0.000028 seconds.
  path: Assets/Tabsil/Mineral/Scripts/Editor/MineralEditor.cs
  artifactKey: Guid(fa94af43d7963f1448661b6800e4a3f0) Importer(2089858483,192608db42251d675da83286b1cce702)
Start importing Assets/Tabsil/Mineral/Scripts/Editor/MineralEditor.cs using Guid(fa94af43d7963f1448661b6800e4a3f0) Importer(2089858483,192608db42251d675da83286b1cce702) (ScriptedImporter) -> (artifact id: 'a6b9120ed2a19d891efc382677cdc6f0') in 0.0145661 seconds
Number of updated asset objects reloaded before import = 0Number of asset objects unloaded after import = 0

========================================================================
Received Import Request.
  Time since last request: 0.000028 seconds.
  path: Assets/Design Toolbox/Sprites/Heathen Engineering/Icons/Free Flat Arrow 6 NE Icon.png
  artifactKey: Guid(af2957dc9934d0f4b91b426b6275654e) Importer(2089858483,192608db42251d675da83286b1cce702)
Start importing Assets/Design Toolbox/Sprites/Heathen Engineering/Icons/Free Flat Arrow 6 NE Icon.png using Guid(af2957dc9934d0f4b91b426b6275654e) Importer(2089858483,192608db42251d675da83286b1cce702) (ScriptedImporter) -> (artifact id: '7ec482e0ec688e1b8019f9c5af4703a7') in 0.03288 seconds
Number of updated asset objects reloaded before import = 0Number of asset objects unloaded after import = 3

========================================================================
Received Import Request.
  Time since last request: 0.000017 seconds.
  path: Assets/Design Toolbox/Sprites/Heathen Engineering/Icons/Free Flat Border Double 1-2pt Icon.png
  artifactKey: Guid(92a6e63d8da7f3342b5c23c8da734580) Importer(2089858483,192608db42251d675da83286b1cce702)
Start importing Assets/Design Toolbox/Sprites/Heathen Engineering/Icons/Free Flat Border Double 1-2pt Icon.png using Guid(92a6e63d8da7f3342b5c23c8da734580) Importer(2089858483,192608db42251d675da83286b1cce702) (ScriptedImporter) -> (artifact id: 'ab9d442a4a48dd743ac2f81f12c9f3d5') in 0.0343756 seconds
Number of updated asset objects reloaded before import = 0Number of asset objects unloaded after import = 3

========================================================================
Received Import Request.
  Time since last request: 0.000016 seconds.
  path: Assets/Design Toolbox/Sprites/Heathen Engineering/Icons/Free Flat Hat Split NW Icon.png
  artifactKey: Guid(0882a00e59f52a543800a1a52bbba249) Importer(2089858483,192608db42251d675da83286b1cce702)
Start importing Assets/Design Toolbox/Sprites/Heathen Engineering/Icons/Free Flat Hat Split NW Icon.png using Guid(0882a00e59f52a543800a1a52bbba249) Importer(2089858483,192608db42251d675da83286b1cce702) (ScriptedImporter) -> (artifact id: '89bbb06ce16e916ecda8843697d1c697') in 0.0387447 seconds
Number of updated asset objects reloaded before import = 0Number of asset objects unloaded after import = 3

========================================================================
Received Import Request.
  Time since last request: 0.000018 seconds.
  path: Assets/Kawaii Survivor/Sprites/Objects/Bike.png
  artifactKey: Guid(e2b501b9b8126574ba147cee4db1cf55) Importer(2089858483,192608db42251d675da83286b1cce702)
Start importing Assets/Kawaii Survivor/Sprites/Objects/Bike.png using Guid(e2b501b9b8126574ba147cee4db1cf55) Importer(2089858483,192608db42251d675da83286b1cce702) (ScriptedImporter) -> (artifact id: 'ea8ccda8447e8f0909f643513f6c4f81') in 0.0355512 seconds
Number of updated asset objects reloaded before import = 0Number of asset objects unloaded after import = 3

========================================================================
Received Import Request.
  Time since last request: 0.000031 seconds.
  path: Assets/Design Toolbox/Sprites/Heathen Engineering/Icons/Free Flat Arrow 1 NE Icon.png
  artifactKey: Guid(279a7f16bcc31014ea2d1e135f042805) Importer(2089858483,192608db42251d675da83286b1cce702)
Start importing Assets/Design Toolbox/Sprites/Heathen Engineering/Icons/Free Flat Arrow 1 NE Icon.png using Guid(279a7f16bcc31014ea2d1e135f042805) Importer(2089858483,192608db42251d675da83286b1cce702) (ScriptedImporter) -> (artifact id: 'ac11b3b2d81c97087b64c2dedba5669b') in 0.0355627 seconds
Number of updated asset objects reloaded before import = 0Number of asset objects unloaded after import = 3

========================================================================
Received Import Request.
  Time since last request: 0.000016 seconds.
  path: Assets/Design Toolbox/Sprites/Heathen Engineering/Icons/Free Flat Exit Door Icon.png
  artifactKey: Guid(b1b7bca5eb410a54a82c3d0e0173e568) Importer(2089858483,192608db42251d675da83286b1cce702)
Start importing Assets/Design Toolbox/Sprites/Heathen Engineering/Icons/Free Flat Exit Door Icon.png using Guid(b1b7bca5eb410a54a82c3d0e0173e568) Importer(2089858483,192608db42251d675da83286b1cce702) (ScriptedImporter) -> (artifact id: '777253eac0248802f3e22578c61f3d41') in 0.0341539 seconds
Number of updated asset objects reloaded before import = 0Number of asset objects unloaded after import = 3

========================================================================
Received Import Request.
  Time since last request: 0.000015 seconds.
  path: Assets/TotalJSON/Internal/StringPointer.cs
  artifactKey: Guid(2077e5258f6b9ce43be7c1406c16aa4f) Importer(2089858483,192608db42251d675da83286b1cce702)
Start importing Assets/TotalJSON/Internal/StringPointer.cs using Guid(2077e5258f6b9ce43be7c1406c16aa4f) Importer(2089858483,192608db42251d675da83286b1cce702) (ScriptedImporter) -> (artifact id: '895e3e0007af2d5cefbcd362034dca4a') in 0.0138349 seconds
Number of updated asset objects reloaded before import = 0Number of asset objects unloaded after import = 0

========================================================================
Received Import Request.
  Time since last request: 0.000016 seconds.
  path: Assets/Design Toolbox/Sprites/Heathen Engineering/Icons/Free Flat Hat Solid NE Icon.png
  artifactKey: Guid(8803f9c70b4f1a044b4dc06ddf9c1ddd) Importer(2089858483,192608db42251d675da83286b1cce702)
Start importing Assets/Design Toolbox/Sprites/Heathen Engineering/Icons/Free Flat Hat Solid NE Icon.png using Guid(8803f9c70b4f1a044b4dc06ddf9c1ddd) Importer(2089858483,192608db42251d675da83286b1cce702) (ScriptedImporter) -> (artifact id: 'a692e68b5caaf5dbb6b2d59711433090') in 0.0319816 seconds
Number of updated asset objects reloaded before import = 0Number of asset objects unloaded after import = 3

Editor requested this worker to shutdown with reason: Scaling down because of idle timeout
AssetImportWorker is now disconnected from the server
Process exiting
Exiting without the bug reporter. Application will terminate with return code 0